Number of messages = 725

# warning: NodePadName not found X403 3
# warning: NodePadName not found X403 3
# warning: NodePadName not found X403 5
# warning: NodePadName not found X403 5
# warning: NodePadName not found X403 7
# warning: NodePadName not found X403 7
# warning: NodePadName not found X403 1
# warning: NodePadName not found X403 1
# warning: NodePadName not found X401 4
# warning: NodePadName not found X401 4
# warning: NodePadName not found X401 4
# warning: NodePadName not found X401 4
# warning: NodePadName not found X401 4
# warning: NodePadName not found X401 4
# warning: NodePadName not found X7 3
# warning: NodePadName not found X7 3
# warning: NodePadName not found X7 3
# warning: NodePadName not found X7 2
# warning: NodePadName not found X7 2
# warning: NodePadName not found X7 2
# warning: NodePadName not found X7 1
# warning: NodePadName not found X7 1
# warning: NodePadName not found X7 1
# warning: NodePadName not found X8 4
# warning: NodePadName not found X8 4
# warning: NodePadName not found X8 4
# warning: NodePadName not found X8 3
# warning: NodePadName not found X8 3
# warning: NodePadName not found X8 3
# warning: NodePadName not found X8 2
# warning: NodePadName not found X8 2
# warning: NodePadName not found X8 2
# warning: NodePadName not found X8 1
# warning: NodePadName not found X8 1
# warning: NodePadName not found X8 1
# warning: NodePadName not found IC401 3
# warning: NodePadName not found IC401 1
# warning: NodePadName not found X403 9
# warning: NodePadName not found X403 9
# warning: NodePadName not found X403 9
# warning: NodePadName not found X403 9
# warning: NodePadName not found C437 1
# warning: NodePadName not found C437 1
# warning: NodePadName not found C437 1
# warning: NodePadName not found C437 1
# warning: NodePadName not found C420 2
# warning: NodePadName not found C420 2
# warning: NodePadName not found C419 2
# warning: NodePadName not found C419 2
# warning: NodePadName not found R438 2
# warning: NodePadName not found R438 2
# warning: NodePadName not found R436 2
# warning: NodePadName not found R436 2
# warning: NodePadName not found R427 1
# warning: NodePadName not found R427 1
# warning: NodePadName not found R427 1
# warning: NodePadName not found R424 1
# warning: NodePadName not found R424 1
# warning: NodePadName not found R424 1
# warning: NodePadName not found IC310 5
# warning: NodePadName not found IC306 5
# warning: NodePadName not found X402 4
# warning: NodePadName not found X402 4
# warning: NodePadName not found X402 4
# warning: NodePadName not found X402 4
# warning: NodePadName not found X402 4
# warning: NodePadName not found X402 4
# warning: NodePadName not found X402 4
# warning: NodePadName not found X402 3
# warning: NodePadName not found X402 3
# warning: NodePadName not found X402 3
# warning: NodePadName not found X402 3
# warning: NodePadName not found X402 3
# warning: NodePadName not found X402 3
# warning: NodePadName not found X402 3
# warning: NodePadName not found X402 2
# warning: NodePadName not found X402 2
# warning: NodePadName not found X402 2
# warning: NodePadName not found X402 2
# warning: NodePadName not found X402 2
# warning: NodePadName not found X402 2
# warning: NodePadName not found X402 2
# warning: NodePadName not found R330 2
# warning: NodePadName not found R330 2
# warning: NodePadName not found R329 2
# warning: NodePadName not found R329 2
# warning: NodePadName not found R311 2
# warning: NodePadName not found R311 2
# warning: NodePadName not found R310 2
# warning: NodePadName not found R310 2
# warning: NodePadName not found C308 1
# warning: NodePadName not found C308 1
# warning: NodePadName not found C307 1
# warning: NodePadName not found C307 1
# warning: NodePadName not found C304 1
# warning: NodePadName not found C304 1
# warning: NodePadName not found C303 1
# warning: NodePadName not found C303 1
# warning: NodePadName not found IC311 2
# warning: NodePadName not found IC310 2
# warning: NodePadName not found IC307 2
# warning: NodePadName not found IC306 2
# warning: NodePadName not found L309 2
# warning: NodePadName not found L309 2
# warning: NodePadName not found L308 2
# warning: NodePadName not found L308 2
# warning: NodePadName not found IC311 6
# warning: NodePadName not found IC311 6
# warning: NodePadName not found IC311 4
# warning: NodePadName not found IC311 4
# warning: NodePadName not found IC310 6
# warning: NodePadName not found IC310 6
# warning: NodePadName not found R332 1
# warning: NodePadName not found R332 1
# warning: NodePadName not found R313 1
# warning: NodePadName not found R313 1
# warning: NodePadName not found R304 1
# warning: NodePadName not found R304 1
# warning: NodePadName not found IC310 8
# warning: NodePadName not found IC306 8
# warning: NodePadName not found X205 6
# warning: NodePadName not found X205 6
# warning: NodePadName not found X205 6
# warning: NodePadName not found X205 6
# warning: NodePadName not found X205 6
# warning: NodePadName not found X205 6
# warning: NodePadName not found X205 6
# warning: NodePadName not found X205 6
# warning: NodePadName not found X205 6
# warning: NodePadName not found X205 6
# warning: NodePadName not found X205 6
# warning: NodePadName not found R309 1
# warning: NodePadName not found R309 1
# warning: NodePadName not found R309 1
# warning: NodePadName not found R309 1
# warning: NodePadName not found X101 1
# warning: NodePadName not found X101 1
# warning: NodePadName not found X101 1
# warning: NodePadName not found X101 1
# warning: NodePadName not found X101 1
# warning: NodePadName not found X101 1
# warning: NodePadName not found X101 1
# warning: NodePadName not found X101 1
# warning: NodePadName not found X101 1
# warning: NodePadName not found X400 2
# warning: NodePadName not found X400 2
# warning: NodePadName not found X400 2
# warning: NodePadName not found X400 2
# warning: NodePadName not found X400 2
# warning: NodePadName not found X400 2
# warning: NodePadName not found X400 2
# warning: NodePadName not found X400 2
# warning: NodePadName not found X400 2
# warning: NodePadName not found X400 2
# warning: NodePadName not found X400 2
# warning: NodePadName not found X400 2
# warning: NodePadName not found X400 2
# warning: NodePadName not found X400 2
# warning: NodePadName not found X400 2
# warning: NodePadName not found X400 2
# warning: NodePadName not found IC306 6
# warning: NodePadName not found IC306 6
# warning: NodePadName not found IC306 4
# warning: NodePadName not found IC306 4
# warning: NodePadName not found X400 1
# warning: NodePadName not found X400 1
# warning: NodePadName not found X400 1
# warning: NodePadName not found X400 1
# warning: NodePadName not found X400 1
# warning: NodePadName not found X400 1
# warning: NodePadName not found X400 1
# warning: NodePadName not found X400 1
# warning: NodePadName not found X400 1
# warning: NodePadName not found X400 1
# warning: NodePadName not found X400 1
# warning: NodePadName not found X400 1
# warning: NodePadName not found X400 1
# warning: NodePadName not found X400 1
# warning: NodePadName not found X400 1
# warning: NodePadName not found X400 1
# warning: NodePadName not found X402 1
# warning: NodePadName not found X402 1
# warning: NodePadName not found X402 1
# warning: NodePadName not found X402 1
# warning: NodePadName not found X402 1
# warning: NodePadName not found X402 1
# warning: NodePadName not found X402 1
# warning: NodePadName not found R316 2
# warning: NodePadName not found R316 2
# warning: NodePadName not found C308 2
# warning: NodePadName not found C308 2
# warning: NodePadName not found C308 2
# warning: NodePadName not found C308 2
# warning: NodePadName not found C308 2
# warning: NodePadName not found C308 2
# warning: NodePadName not found C308 2
# warning: NodePadName not found C308 2
# warning: NodePadName not found C308 2
# warning: NodePadName not found C308 2
# warning: NodePadName not found C308 2
# warning: NodePadName not found C308 2
# warning: NodePadName not found C308 2
# warning: NodePadName not found C308 2
# warning: NodePadName not found C308 2
# warning: NodePadName not found C308 2
# warning: NodePadName not found C308 2
# warning: NodePadName not found C308 2
# warning: NodePadName not found C308 2
# warning: NodePadName not found C308 2
# warning: NodePadName not found C308 2
# warning: NodePadName not found C308 2
# warning: NodePadName not found C308 2
# warning: NodePadName not found C308 2
# warning: NodePadName not found C308 2
# warning: NodePadName not found C308 2
# warning: NodePadName not found C308 2
# warning: NodePadName not found C308 2
# warning: NodePadName not found C308 2
# warning: NodePadName not found C308 2
# warning: NodePadName not found C308 2
# warning: NodePadName not found C308 2
# warning: NodePadName not found C308 2
# warning: NodePadName not found C308 2
# warning: NodePadName not found C308 2
# warning: NodePadName not found C308 2
# warning: NodePadName not found C308 2
# warning: NodePadName not found C308 2
# warning: NodePadName not found C393 2
# warning: NodePadName not found C393 2
# warning: NodePadName not found C393 2
# warning: NodePadName not found C393 2
# warning: NodePadName not found C393 2
# warning: NodePadName not found C393 2
# warning: NodePadName not found C393 2
# warning: NodePadName not found C393 2
# warning: NodePadName not found C393 2
# warning: NodePadName not found C393 2
# warning: NodePadName not found C393 2
# warning: NodePadName not found C393 2
# warning: NodePadName not found C393 2
# warning: NodePadName not found C393 2
# warning: NodePadName not found C393 2
# warning: NodePadName not found C393 2
# warning: NodePadName not found C393 2
# warning: NodePadName not found C393 2
# warning: NodePadName not found C393 2
# warning: NodePadName not found C393 2
# warning: NodePadName not found C393 2
# warning: NodePadName not found C393 2
# warning: NodePadName not found C393 2
# warning: NodePadName not found C393 2
# warning: NodePadName not found C393 2
# warning: NodePadName not found C393 2
# warning: NodePadName not found C393 2
# warning: NodePadName not found C393 2
# warning: NodePadName not found C393 2
# warning: NodePadName not found C393 2
# warning: NodePadName not found C393 2
# warning: NodePadName not found C393 2
# warning: NodePadName not found C393 2
# warning: NodePadName not found C393 2
# warning: NodePadName not found C393 2
# warning: NodePadName not found C393 2
# warning: NodePadName not found C393 2
# warning: NodePadName not found C393 2
# warning: NodePadName not found C393 2
# warning: NodePadName not found C393 2
# warning: NodePadName not found C393 2
# warning: NodePadName not found C393 2
# warning: NodePadName not found C393 2
# warning: NodePadName not found C393 2
# warning: NodePadName not found C393 2
# warning: NodePadName not found C393 2
# warning: NodePadName not found C437 2
# warning: NodePadName not found C437 2
# warning: NodePadName not found C437 2
# warning: NodePadName not found C437 2
# warning: NodePadName not found C437 2
# warning: NodePadName not found C437 2
# warning: NodePadName not found C437 2
# warning: NodePadName not found C437 2
# warning: NodePadName not found C437 2
# warning: NodePadName not found C437 2
# warning: NodePadName not found C437 2
# warning: NodePadName not found C437 2
# warning: NodePadName not found C437 2
# warning: NodePadName not found C437 2
# warning: NodePadName not found C437 2
# warning: NodePadName not found C437 2
# warning: NodePadName not found C437 2
# warning: NodePadName not found C437 2
# warning: NodePadName not found C437 2
# warning: NodePadName not found C437 2
# warning: NodePadName not found C437 2
# warning: NodePadName not found C437 2
# warning: NodePadName not found C437 2
# warning: NodePadName not found C437 2
# warning: NodePadName not found C437 2
# warning: NodePadName not found C437 2
# warning: NodePadName not found C437 2
# warning: NodePadName not found C437 2
# warning: NodePadName not found C437 2
# warning: NodePadName not found C437 2
# warning: NodePadName not found C437 2
# warning: NodePadName not found C437 2
# warning: NodePadName not found C437 2
# warning: NodePadName not found C437 2
# warning: NodePadName not found C437 2
# warning: NodePadName not found C437 2
# warning: NodePadName not found C437 2
# warning: NodePadName not found C437 2
# warning: NodePadName not found D324 3
# warning: NodePadName not found D324 3
# warning: NodePadName not found X204 1
# warning: NodePadName not found X204 1
# warning: NodePadName not found X204 1
# warning: NodePadName not found X204 1
# warning: NodePadName not found X204 1
# warning: NodePadName not found X204 1
# warning: NodePadName not found X204 1
# warning: NodePadName not found X204 1
# warning: NodePadName not found X204 1
# warning: NodePadName not found X204 1
# warning: NodePadName not found X204 1
# warning: NodePadName not found X401 2
# warning: NodePadName not found X401 2
# warning: NodePadName not found X401 2
# warning: NodePadName not found X401 2
# warning: NodePadName not found X401 3
# warning: NodePadName not found X401 3
# warning: NodePadName not found X401 3
# warning: NodePadName not found R113 2
# warning: NodePadName not found R113 2
# warning: NodePadName not found C420 1
# warning: NodePadName not found C420 1
# warning: NodePadName not found C420 1
# warning: NodePadName not found C420 1
# warning: NodePadName not found C420 1
# warning: NodePadName not found C420 1
# warning: NodePadName not found C420 1
# warning: NodePadName not found C420 1
# warning: NodePadName not found C420 1
# warning: NodePadName not found C420 1
# warning: NodePadName not found C420 1
# warning: NodePadName not found C420 1
# warning: NodePadName not found C420 1
# warning: NodePadName not found C420 1
# warning: NodePadName not found C420 1
# warning: NodePadName not found C420 1
# warning: NodePadName not found C420 1
# warning: NodePadName not found C420 1
# warning: NodePadName not found C420 1
# warning: NodePadName not found C420 1
# warning: NodePadName not found C420 1
# warning: NodePadName not found C420 1
# warning: NodePadName not found C420 1
# warning: NodePadName not found C420 1
# warning: NodePadName not found C420 1
# warning: NodePadName not found C420 1
# warning: NodePadName not found C420 1
# warning: NodePadName not found C420 1
# warning: NodePadName not found C420 1
# warning: NodePadName not found C420 1
# warning: NodePadName not found C420 1
# warning: NodePadName not found C420 1
# warning: NodePadName not found C420 1
# warning: NodePadName not found C420 1
# warning: NodePadName not found C420 1
# warning: NodePadName not found C420 1
# warning: NodePadName not found C420 1
# warning: NodePadName not found C420 1
# warning: NodePadName not found C420 1
# warning: NodePadName not found C420 1
# warning: NodePadName not found C420 1
# warning: NodePadName not found C420 1
# warning: NodePadName not found C420 1
# warning: NodePadName not found C420 1
# warning: NodePadName not found C420 1
# warning: NodePadName not found C420 1
# warning: NodePadName not found C420 1
# warning: NodePadName not found C420 1
# warning: NodePadName not found R331 2
# warning: NodePadName not found R331 2
# warning: NodePadName not found R331 2
# warning: NodePadName not found R331 2
# warning: NodePadName not found R328 1
# warning: NodePadName not found R328 1
# warning: NodePadName not found R328 1
# warning: NodePadName not found R328 1
# warning: NodePadName not found R312 2
# warning: NodePadName not found R312 2
# warning: NodePadName not found R312 2
# warning: NodePadName not found R312 2
# warning: NodePadName not found R105 1
# warning: NodePadName not found R105 2
# warning: NodePadName not found L300 1
# warning: NodePadName not found L300 1
# warning: NodePadName not found C304 2
# warning: NodePadName not found C304 2
# warning: NodePadName not found C304 2
# warning: NodePadName not found C304 2
# warning: NodePadName not found C304 2
# warning: NodePadName not found C304 2
# warning: NodePadName not found C304 2
# warning: NodePadName not found C304 2
# warning: NodePadName not found C304 2
# warning: NodePadName not found C393 1
# warning: NodePadName not found C393 1
# warning: NodePadName not found C393 1
# warning: NodePadName not found C393 1
# warning: NodePadName not found C393 1
# warning: NodePadName not found C393 1
# warning: NodePadName not found C393 1
# warning: NodePadName not found C393 1
# warning: NodePadName not found C393 1
# warning: NodePadName not found C393 1
# warning: NodePadName not found C393 1
# warning: NodePadName not found C393 1
# warning: NodePadName not found C393 1
# warning: NodePadName not found C393 1
# warning: NodePadName not found C393 1
# warning: NodePadName not found C393 1
# warning: NodePadName not found C393 1
# warning: NodePadName not found C393 1
# warning: NodePadName not found C393 1
# warning: NodePadName not found X403 2
# warning: NodePadName not found X403 2
# warning: NodePadName not found X403 2
# warning: NodePadName not found X403 2
# warning: NodePadName not found X403 2
# warning: NodePadName not found X403 2
# warning: NodePadName not found X403 2
# warning: NodePadName not found X403 2
# warning: NodePadName not found X403 2
# warning: NodePadName not found X403 2
# warning: NodePadName not found X403 2
# warning: NodePadName not found X403 2
# warning: NodePadName not found X403 2
# warning: NodePadName not found X403 2
# warning: NodePadName not found X403 2
# warning: NodePadName not found X403 2
# warning: NodePadName not found X403 2
# warning: NodePadName not found X403 2
# warning: NodePadName not found X403 2
# warning: NodePadName not found X403 2
# warning: NodePadName not found X403 2
# warning: NodePadName not found X403 2
# warning: NodePadName not found X403 2
# warning: NodePadName not found X403 2
# warning: NodePadName not found X403 2
# warning: NodePadName not found X403 2
# warning: NodePadName not found X403 2
# warning: NodePadName not found X403 2
# warning: NodePadName not found X403 2
# warning: NodePadName not found X403 2
# warning: NodePadName not found X403 2
# warning: NodePadName not found X403 2
# warning: NodePadName not found X403 2
# warning: NodePadName not found X403 2
# warning: NodePadName not found X403 2
# warning: NodePadName not found X403 2
# warning: NodePadName not found X403 2
# warning: NodePadName not found X403 2
# warning: NodePadName not found X403 2
# warning: NodePadName not found X403 2
# warning: NodePadName not found X403 2
# warning: NodePadName not found X403 2
# warning: NodePadName not found X403 2
# warning: NodePadName not found X403 2
# warning: NodePadName not found X403 2
# warning: NodePadName not found X403 2
# warning: NodePadName not found X403 2
# warning: NodePadName not found X403 2
# warning: NodePadName not found X403 2
# warning: NodePadName not found X403 2
# warning: NodePadName not found X403 2
# warning: NodePadName not found X403 2
# warning: NodePadName not found X403 2
# warning: NodePadName not found X403 2
# warning: NodePadName not found X403 2
# warning: NodePadName not found X403 2
# warning: NodePadName not found X403 2
# warning: NodePadName not found X403 2
# warning: NodePadName not found X403 2
# warning: NodePadName not found X403 2
# warning: NodePadName not found X403 2
# warning: NodePadName not found X204 2
# warning: NodePadName not found X204 2
# warning: NodePadName not found X204 2
# warning: NodePadName not found X204 2
# warning: NodePadName not found X204 2
# warning: NodePadName not found X204 2
# warning: NodePadName not found X204 2
# warning: NodePadName not found X204 2
# warning: NodePadName not found X204 2
# warning: NodePadName not found X204 2
# warning: NodePadName not found X204 2
# warning: NodePadName not found X204 2
# warning: NodePadName not found X204 2
# warning: NodePadName not found X204 2
# warning: NodePadName not found X204 2
# warning: NodePadName not found X204 2
# warning: NodePadName not found X204 2
# warning: NodePadName not found X204 2
# warning: NodePadName not found X204 2
# warning: NodePadName not found X204 2
# warning: NodePadName not found X204 2
# warning: NodePadName not found X100 1
# warning: NodePadName not found X100 1
# warning: NodePadName not found X100 1
# warning: NodePadName not found X100 1
# warning: NodePadName not found X100 1
# warning: NodePadName not found C108 1
# warning: NodePadName not found C108 1
# warning: NodePadName not found C108 1
# warning: NodePadName not found C108 1
# warning: NodePadName not found C108 1
# warning: NodePadName not found C108 1
# warning: NodePadName not found C108 1
# warning: NodePadName not found C108 1
# warning: NodePadName not found C108 1
# warning: NodePadName not found C108 1
# warning: NodePadName not found C108 1
# warning: NodePadName not found C108 1
# warning: NodePadName not found C105 2
# warning: NodePadName not found C105 2
# warning: NodePadName not found C105 2
# warning: NodePadName not found C105 2
# warning: NodePadName not found C105 2
# warning: NodePadName not found C105 2
# warning: NodePadName not found C105 2
# warning: NodePadName not found C105 2
# warning: NodePadName not found C105 1
# warning: NodePadName not found C105 1
# warning: NodePadName not found C105 1
# warning: NodePadName not found C105 1
# warning: NodePadName not found C105 1
# warning: NodePadName not found C105 1
# warning: NodePadName not found C105 1
# warning: NodePadName not found C105 1
# warning: NodePadName not found X403 6
# warning: NodePadName not found X403 6
# warning: NodePadName not found X403 6
# warning: NodePadName not found X403 6
# warning: NodePadName not found X403 6
# warning: NodePadName not found X403 6
# warning: NodePadName not found X403 6
# warning: NodePadName not found X403 6
# warning: NodePadName not found X403 6
# warning: NodePadName not found X403 6
# warning: NodePadName not found X403 6
# warning: NodePadName not found X403 6
# warning: NodePadName not found X403 6
# warning: NodePadName not found X403 6
# warning: NodePadName not found X403 6
# warning: NodePadName not found X403 6
# warning: NodePadName not found X403 6
# warning: NodePadName not found X403 6
# warning: NodePadName not found X403 6
# warning: NodePadName not found X403 6
# warning: NodePadName not found X403 6
# warning: NodePadName not found X403 6
# warning: NodePadName not found X403 6
# warning: NodePadName not found X403 6
# warning: NodePadName not found X403 6
# warning: NodePadName not found X403 6
# warning: NodePadName not found X403 6
# warning: NodePadName not found X403 6
# warning: NodePadName not found X403 6
# warning: NodePadName not found X403 6
# warning: NodePadName not found X403 6
# warning: NodePadName not found X403 6
# warning: NodePadName not found X403 6
# warning: NodePadName not found X403 6
# warning: NodePadName not found X403 6
# warning: NodePadName not found X403 6
# warning: NodePadName not found X403 6
# warning: NodePadName not found X403 6
# warning: NodePadName not found X403 6
# warning: NodePadName not found X403 6
# warning: NodePadName not found X403 6
# warning: NodePadName not found X403 6
# warning: NodePadName not found X403 6
# warning: NodePadName not found X403 6
# warning: NodePadName not found X403 6
# warning: NodePadName not found X403 6
# warning: NodePadName not found X403 6
# warning: NodePadName not found X403 6
# warning: NodePadName not found X403 6
# warning: NodePadName not found X403 6
# warning: NodePadName not found X403 6
# warning: NodePadName not found X403 6
# warning: NodePadName not found X403 6
# warning: NodePadName not found X403 6
# warning: NodePadName not found X403 6
# warning: NodePadName not found X403 6
# warning: NodePadName not found X403 6
# warning: NodePadName not found X403 6
# warning: NodePadName not found X403 6
# warning: NodePadName not found X403 6
# warning: NodePadName not found X403 6
# warning: NodePadName not found X403 6
# warning: NodePadName not found X403 6
# warning: NodePadName not found X403 6
# warning: NodePadName not found X403 6
# warning: NodePadName not found X403 6
# warning: NodePadName not found X403 6
# warning: NodePadName not found X403 6
# warning: NodePadName not found X403 6
# warning: NodePadName not found X403 6
# warning: NodePadName not found X403 6
# warning: NodePadName not found X403 6
# warning: NodePadName not found X403 6
# warning: NodePadName not found X403 6
# warning: NodePadName not found X403 6
# warning: NodePadName not found X403 6
# warning: NodePadName not found X403 6
# warning: NodePadName not found X403 6
# warning: NodePadName not found X403 6
# warning: NodePadName not found X403 6
# warning: NodePadName not found X403 6
# warning: NodePadName not found X403 6
# warning: NodePadName not found X403 6
# warning: NodePadName not found X403 6
# warning: NodePadName not found X403 6
# warning: NodePadName not found X403 6
# warning: NodePadName not found X403 6
# warning: NodePadName not found X403 6
# warning: NodePadName not found X403 6
# warning: NodePadName not found X403 6
# warning: NodePadName not found X403 6
# warning: NodePadName not found X403 6
# warning: NodePadName not found X403 6
# warning: NodePadName not found X403 6
# warning: NodePadName not found X403 6
# warning: NodePadName not found X403 6
# warning: NodePadName not found X403 6
# warning: NodePadName not found X403 6
# warning: NodePadName not found X403 6
# warning: NodePadName not found X403 6
# warning: NodePadName not found X403 6
# warning: NodePadName not found X403 6
# warning: NodePadName not found X403 6
# warning: NodePadName not found X403 6
# warning: NodePadName not found X403 6
# warning: NodePadName not found X403 6
# warning: NodePadName not found X403 6
# warning: NodePadName not found X403 6
# warning: NodePadName not found X403 6
# warning: NodePadName not found X403 6
# warning: NodePadName not found X403 6
# warning: NodePadName not found X403 6
# warning: NodePadName not found X403 6
# warning: NodePadName not found X403 6
# warning: NodePadName not found X403 6
# warning: NodePadName not found X403 6
# warning: NodePadName not found X403 6
# warning: NodePadName not found X403 6
# warning: NodePadName not found X403 6
# warning: NodePadName not found X403 6
# warning: NodePadName not found X403 6
# warning: NodePadName not found X403 6
# warning: NodePadName not found X403 6
# warning: NodePadName not found X403 6
# warning: NodePadName not found X403 6
# warning: NodePadName not found X403 6
# warning: NodePadName not found X403 6
# warning: NodePadName not found X403 6
# warning: NodePadName not found X403 6
# warning: NodePadName not found X403 6
# warning: NodePadName not found X403 6
# warning: NodePadName not found X403 6
# warning: NodePadName not found X403 6
# warning: NodePadName not found X403 6
# warning: NodePadName not found X403 6
# warning: NodePadName not found X403 6
# warning: NodePadName not found X403 6
# warning: NodePadName not found X403 6
# warning: NodePadName not found X403 6
# warning: NodePadName not found X403 6
# warning: NodePadName not found X403 6
# warning: NodePadName not found X403 6
# warning: NodePadName not found X403 6
# warning: NodePadName not found X403 6
# warning: NodePadName not found X403 6
# warning: NodePadName not found X403 6
# warning: NodePadName not found X403 6
# warning: NodePadName not found X403 6
# warning: NodePadName not found X403 6
# warning: NodePadName not found X403 6
# warning: NodePadName not found X403 6
# warning: NodePadName not found X403 6
# warning: NodePadName not found X403 6
# warning: NodePadName not found X403 6
# warning: NodePadName not found X403 6
# warning: NodePadName not found X403 6
# warning: NodePadName not found X403 6
# warning: NodePadName not found X403 6
# warning: NodePadName not found X403 6
# warning: NodePadName not found X403 6
# warning: NodePadName not found X403 6
# warning: NodePadName not found X403 6
# warning: NodePadName not found X403 6
# warning: NodePadName not found X403 6
# warning: NodePadName not found X403 6
# warning: NodePadName not found X403 6
# warning: NodePadName not found X403 6
# warning: NodePadName not found X403 6
# warning: NodePadName not found X403 6
# warning: NodePadName not found X403 6
# warning: NodePadName not found X403 6
# warning: NodePadName not found X403 6
# warning: NodePadName not found X403 6
# warning: NodePadName not found X403 6
# warning: NodePadName not found X403 6
# warning: NodePadName not found X403 6
# warning: NodePadName not found X403 6
# warning: NodePadName not found IC311 10
# warning: NodePadName not found IC310 10
# warning: NodePadName not found IC307 10
# warning: NodePadName not found IC306 10
# warning: NodePadName not found IC307 15
# warning: NodePadName not found IC307 15
# warning: NodePadName not found IC306 15
# warning: NodePadName not found IC306 15
